{"level":"error","message":"g is not defined"}
{"level":"info","message":"Connected to mongodb..."}
{"level":"error","message":"g is not defined"}
{"level":"info","message":"Connected to mongodb..."}
{"level":"error","message":"g is not defined"}
{"level":"info","message":"Connected to mongodb..."}
{"level":"info","message":"listening on port 2000..."}
{"level":"info","message":"Connected to mongodb..."}
{"level":"info","message":"listening on port 2000..."}
{"level":"info","message":"Connected to mongodb..."}
{"level":"info","message":"listening on port 2000..."}
{"level":"info","message":"Connected to mongodb..."}
{"level":"info","message":"listening on port 2000..."}
{"level":"info","message":"Connected to mongodb..."}
{"level":"info","message":"listening on port 2000..."}
{"level":"error","message":"Cannot read properties of undefined (reading '_id')"}
{"level":"info","message":"Connected to mongodb..."}
{"level":"error","message":"Cannot read properties of undefined (reading '_id')"}
{"level":"error","message":"Users validation failed: name: Path `name` is required."}
{"level":"error","message":"data and salt arguments required"}
